TN:
SF:src/StreamFund.sol
DA:54,5
FN:54,StreamFund.onlyOwner
FNDA:5,StreamFund.onlyOwner
DA:55,5
BRDA:55,0,0,1
BRDA:55,0,1,6
DA:59,0
FN:59,StreamFund.onlyTokenRewardUpdater
FNDA:0,StreamFund.onlyTokenRewardUpdater
DA:60,0
BRDA:60,1,0,-
BRDA:60,1,1,-
DA:67,12
FN:67,StreamFund.constructor
FNDA:12,StreamFund.constructor
DA:69,12
DA:72,12
FN:72,StreamFund.getHookPermissions
FNDA:12,StreamFund.getHookPermissions
DA:73,12
DA:91,7
FN:91,StreamFund.grantTokenRewardUpdater
FNDA:7,StreamFund.grantTokenRewardUpdater
DA:92,6
BRDA:92,2,0,1
BRDA:92,2,1,5
DA:93,5
BRDA:93,3,0,1
BRDA:93,3,1,4
DA:94,4
BRDA:94,4,0,1
BRDA:94,4,1,3
DA:96,3
DA:97,3
DA:100,5
FN:100,StreamFund.revokeTokenRewardUpdater
FNDA:5,StreamFund.revokeTokenRewardUpdater
DA:101,4
BRDA:101,5,0,1
BRDA:101,5,1,3
DA:102,3
BRDA:102,6,0,1
BRDA:102,6,1,2
DA:103,2
BRDA:103,7,0,1
BRDA:103,7,1,1
DA:105,1
DA:106,1
DA:109,0
FN:109,StreamFund.setupReward
FNDA:0,StreamFund.setupReward
DA:110,0
BRDA:110,8,0,-
BRDA:110,8,1,-
DA:111,0
BRDA:111,9,0,-
BRDA:111,9,1,-
DA:112,0
BRDA:112,10,0,-
BRDA:112,10,1,-
DA:115,0
DA:117,0
DA:120,0
FN:120,StreamFund.updateRewardRate
FNDA:0,StreamFund.updateRewardRate
DA:124,0
BRDA:124,11,0,-
BRDA:124,11,1,-
DA:125,0
BRDA:125,12,0,-
BRDA:125,12,1,-
DA:126,0
BRDA:126,13,0,-
BRDA:126,13,1,-
DA:128,0
DA:129,0
DA:131,0
DA:134,3
FN:134,StreamFund.registerStreamer
FNDA:3,StreamFund.registerStreamer
DA:135,3
BRDA:135,14,0,1
BRDA:135,14,1,2
DA:136,2
DA:137,2
DA:140,0
FN:140,StreamFund.claimReward
FNDA:0,StreamFund.claimReward
DA:141,0
BRDA:141,15,0,-
BRDA:141,15,1,-
DA:142,0
BRDA:142,16,0,-
BRDA:142,16,1,-
DA:144,0
DA:145,0
BRDA:145,17,0,-
BRDA:145,17,1,-
DA:148,0
DA:149,0
DA:150,0
BRDA:150,18,0,-
BRDA:150,18,1,-
DA:152,0
DA:155,0
DA:158,0
DA:159,0
BRDA:159,19,0,-
BRDA:159,19,1,-
DA:162,0
DA:165,0
DA:168,0
DA:170,0
DA:173,0
FN:173,StreamFund._afterSwap
FNDA:0,StreamFund._afterSwap
DA:181,0
DA:182,0
BRDA:182,20,0,-
DA:183,0
DA:186,0
DA:187,0
DA:188,0
DA:189,0
DA:192,0
BRDA:192,21,0,-
BRDA:192,21,1,-
DA:194,0
DA:195,0
DA:196,0
DA:197,0
DA:198,0
DA:201,0
DA:202,0
DA:203,0
DA:204,0
DA:205,0
DA:209,0
BRDA:209,22,0,-
DA:210,0
DA:214,0
DA:217,0
BRDA:217,23,0,-
DA:218,0
DA:222,0
DA:223,0
DA:225,0
BRDA:225,24,0,-
DA:227,0
DA:228,0
DA:229,0
DA:233,0
DA:235,0
DA:236,0
DA:238,0
BRDA:238,25,0,-
BRDA:238,25,1,-
DA:240,0
DA:241,0
DA:244,0
DA:245,0
DA:249,0
DA:252,0
DA:255,0
DA:257,0
DA:259,0
DA:262,0
FN:262,StreamFund.getStreamerTokenVolume
FNDA:0,StreamFund.getStreamerTokenVolume
DA:263,0
DA:266,0
FN:266,StreamFund.getStreamerPoints
FNDA:0,StreamFund.getStreamerPoints
DA:267,0
DA:268,0
DA:271,0
FN:271,StreamFund.getRewardTokenInfo
FNDA:0,StreamFund.getRewardTokenInfo
DA:272,0
DA:275,0
FN:275,StreamFund.getContractTokenBalance
FNDA:0,StreamFund.getContractTokenBalance
DA:276,0
DA:279,0
FN:279,StreamFund.getLastTradeTime
FNDA:0,StreamFund.getLastTradeTime
DA:280,0
DA:283,0
FN:283,StreamFund.getRemainingCooldown
FNDA:0,StreamFund.getRemainingCooldown
DA:284,0
DA:285,0
DA:287,0
DA:288,0
DA:290,0
DA:293,0
FN:293,StreamFund.calculateRewardAmount
FNDA:0,StreamFund.calculateRewardAmount
DA:294,0
DA:295,0
DA:296,0
DA:298,0
DA:300,0
DA:301,0
DA:303,0
DA:306,2
FN:306,StreamFund.isTokenRewardUpdater
FNDA:2,StreamFund.isTokenRewardUpdater
DA:307,2
DA:310,0
FN:310,StreamFund.transferOwnership
FNDA:0,StreamFund.transferOwnership
DA:311,0
BRDA:311,29,0,-
BRDA:311,29,1,-
DA:312,0
FNF:20
FNH:7
LF:126
LH:24
BRF:50
BRH:16
end_of_record
