TN:
SF:src/StreamFund.sol
DA:55,5
FN:55,StreamFund.onlyOwner
FNDA:5,StreamFund.onlyOwner
DA:56,5
BRDA:56,0,0,1
BRDA:56,0,1,7
DA:60,5
FN:60,StreamFund.onlyTokenRewardUpdater
FNDA:5,StreamFund.onlyTokenRewardUpdater
DA:61,5
BRDA:61,1,0,1
BRDA:61,1,1,7
DA:68,25
FN:68,StreamFund.constructor
FNDA:25,StreamFund.constructor
DA:70,25
DA:73,25
FN:73,StreamFund.getHookPermissions
FNDA:25,StreamFund.getHookPermissions
DA:74,25
DA:92,3
FN:92,StreamFund.transferOwnership
FNDA:3,StreamFund.transferOwnership
DA:93,2
BRDA:93,2,0,1
BRDA:93,2,1,1
DA:94,1
DA:96,1
DA:99,8
FN:99,StreamFund.grantTokenRewardUpdater
FNDA:8,StreamFund.grantTokenRewardUpdater
DA:100,7
BRDA:100,3,0,1
BRDA:100,3,1,6
DA:101,6
BRDA:101,4,0,1
BRDA:101,4,1,5
DA:102,5
BRDA:102,5,0,1
BRDA:102,5,1,4
DA:104,4
DA:105,4
DA:108,5
FN:108,StreamFund.revokeTokenRewardUpdater
FNDA:5,StreamFund.revokeTokenRewardUpdater
DA:109,4
BRDA:109,6,0,1
BRDA:109,6,1,3
DA:110,3
BRDA:110,7,0,1
BRDA:110,7,1,2
DA:111,2
BRDA:111,8,0,1
BRDA:111,8,1,1
DA:113,1
DA:114,1
DA:117,8
FN:117,StreamFund.setupReward
FNDA:8,StreamFund.setupReward
DA:118,7
BRDA:118,9,0,1
BRDA:118,9,1,6
DA:119,6
BRDA:119,10,0,1
BRDA:119,10,1,5
DA:120,5
BRDA:120,11,0,1
BRDA:120,11,1,4
DA:123,4
DA:125,4
DA:128,5
FN:128,StreamFund.updateRewardRate
FNDA:5,StreamFund.updateRewardRate
DA:132,4
BRDA:132,12,0,1
BRDA:132,12,1,3
DA:133,3
BRDA:133,13,0,1
BRDA:133,13,1,2
DA:134,2
BRDA:134,14,0,1
BRDA:134,14,1,1
DA:136,1
DA:137,1
DA:139,1
DA:142,3
FN:142,StreamFund.registerStreamer
FNDA:3,StreamFund.registerStreamer
DA:143,3
BRDA:143,15,0,1
BRDA:143,15,1,2
DA:144,2
DA:145,2
DA:148,0
FN:148,StreamFund.claimReward
FNDA:0,StreamFund.claimReward
DA:149,0
BRDA:149,16,0,-
BRDA:149,16,1,-
DA:150,0
BRDA:150,17,0,-
BRDA:150,17,1,-
DA:152,0
DA:153,0
BRDA:153,18,0,-
BRDA:153,18,1,-
DA:156,0
DA:157,0
DA:158,0
BRDA:158,19,0,-
BRDA:158,19,1,-
DA:160,0
DA:163,0
DA:166,0
DA:167,0
BRDA:167,20,0,-
BRDA:167,20,1,-
DA:170,0
DA:173,0
DA:176,0
DA:178,0
DA:181,0
FN:181,StreamFund._afterSwap
FNDA:0,StreamFund._afterSwap
DA:189,0
DA:190,0
BRDA:190,21,0,-
DA:191,0
DA:194,0
DA:195,0
DA:196,0
DA:197,0
DA:200,0
BRDA:200,22,0,-
BRDA:200,22,1,-
DA:202,0
DA:203,0
DA:204,0
DA:205,0
DA:206,0
DA:209,0
DA:210,0
DA:211,0
DA:212,0
DA:213,0
DA:217,0
BRDA:217,23,0,-
DA:218,0
DA:222,0
DA:225,0
BRDA:225,24,0,-
DA:226,0
DA:230,0
DA:231,0
DA:233,0
BRDA:233,25,0,-
DA:235,0
DA:236,0
DA:237,0
DA:241,0
DA:243,0
DA:244,0
DA:246,0
BRDA:246,26,0,-
BRDA:246,26,1,-
DA:248,0
DA:249,0
DA:252,0
DA:253,0
DA:257,0
DA:260,0
DA:263,0
DA:265,0
DA:267,0
DA:270,0
FN:270,StreamFund.getStreamerTokenVolume
FNDA:0,StreamFund.getStreamerTokenVolume
DA:271,0
DA:274,0
FN:274,StreamFund.getStreamerPoints
FNDA:0,StreamFund.getStreamerPoints
DA:275,0
DA:276,0
DA:279,2
FN:279,StreamFund.getRewardTokenInfo
FNDA:2,StreamFund.getRewardTokenInfo
DA:280,2
DA:283,2
FN:283,StreamFund.isTokenRewardUpdater
FNDA:2,StreamFund.isTokenRewardUpdater
DA:284,2
FNF:16
FNH:12
LF:109
LH:45
BRF:50
BRH:32
end_of_record
